<?xml version="1.0" encoding="UTF-8"?>
<testsuite name="hello.HelloControllerTest" tests="1" skipped="0" failures="0" errors="0" timestamp="2019-11-29T18:13:25" hostname="DESKTOP-1BQSUB5" time="0.017">
  <properties/>
  <testcase name="getHello" classname="hello.HelloControllerTest" time="0.017"/>
  <system-out><![CDATA[2019-11-29 13:13:24.634  INFO 14424 --- [    Test worker] .b.t.c.SpringBootTestContextBootstrapper : Neither @ContextConfiguration nor @ContextHierarchy found for test class [hello.HelloControllerTest], using SpringBootContextLoader
2019-11-29 13:13:24.635  INFO 14424 --- [    Test worker] o.s.t.c.support.AbstractContextLoader    : Could not detect default resource locations for test class [hello.HelloControllerTest]: no resource found for suffixes {-context.xml, Context.groovy}.
2019-11-29 13:13:24.635  INFO 14424 --- [    Test worker] t.c.s.AnnotationConfigContextLoaderUtils : Could not detect default configuration classes for test class [hello.HelloControllerTest]: HelloControllerTest does not declare any static, non-private, non-final, nested classes annotated with @Configuration.
2019-11-29 13:13:24.660  INFO 14424 --- [    Test worker] .b.t.c.SpringBootTestContextBootstrapper : Found @SpringBootConfiguration hello.Application for test class hello.HelloControllerTest
2019-11-29 13:13:24.661  INFO 14424 --- [    Test worker] .b.t.c.SpringBootTestContextBootstrapper : Loaded default TestExecutionListener class names from location [META-INF/spring.factories]: [org.springframework.boot.test.autoconfigure.restdocs.RestDocsTestExecutionListener, org.springframework.boot.test.autoconfigure.web.client.MockRestServiceServerResetTestExecutionListener, org.springframework.boot.test.autoconfigure.web.servlet.MockMvcPrintOnlyOnFailureTestExecutionListener, org.springframework.boot.test.autoconfigure.web.servlet.WebDriverTestExecutionListener, org.springframework.boot.test.mock.mockito.MockitoTestExecutionListener, org.springframework.boot.test.mock.mockito.ResetMocksTestExecutionListener, org.springframework.test.context.web.ServletTestExecutionListener, org.springframework.test.context.support.DirtiesContextBeforeModesTestExecutionListener, org.springframework.test.context.support.DependencyInjectionTestExecutionListener, org.springframework.test.context.support.DirtiesContextTestExecutionListener, org.springframework.test.context.transaction.TransactionalTestExecutionListener, org.springframework.test.context.jdbc.SqlScriptsTestExecutionListener, org.springframework.test.context.event.EventPublishingTestExecutionListener]
2019-11-29 13:13:24.662  INFO 14424 --- [    Test worker] .b.t.c.SpringBootTestContextBootstrapper : Using TestExecutionListeners: [org.springframework.test.context.web.ServletTestExecutionListener@6741fa9c, org.springframework.test.context.support.DirtiesContextBeforeModesTestExecutionListener@568e32d8, org.springframework.boot.test.mock.mockito.MockitoTestExecutionListener@69be1763, org.springframework.boot.test.autoconfigure.SpringBootDependencyInjectionTestExecutionListener@28adffed, org.springframework.test.context.support.DirtiesContextTestExecutionListener@40d0757e, org.springframework.test.context.event.EventPublishingTestExecutionListener@67ef874e, org.springframework.boot.test.autoconfigure.restdocs.RestDocsTestExecutionListener@7e7391df, org.springframework.boot.test.autoconfigure.web.client.MockRestServiceServerResetTestExecutionListener@39665b6b, org.springframework.boot.test.autoconfigure.web.servlet.MockMvcPrintOnlyOnFailureTestExecutionListener@7a5ea2bc, org.springframework.boot.test.autoconfigure.web.servlet.WebDriverTestExecutionListener@61108f4e, org.springframework.boot.test.mock.mockito.ResetMocksTestExecutionListener@30f07da]

  .   ____          _            __ _ _
 /\\ / ___'_ __ _ _(_)_ __  __ _ \ \ \ \
( ( )\___ | '_ | '_| | '_ \/ _` | \ \ \ \
 \\/  ___)| |_)| | | | | || (_| |  ) ) ) )
  '  |____| .__|_| |_|_| |_\__, | / / / /
 =========|_|==============|___/=/_/_/_/
 :: Spring Boot ::        (v2.2.1.RELEASE)

2019-11-29 13:13:24.688  INFO 14424 --- [    Test worker] hello.HelloControllerTest                : Starting HelloControllerTest on DESKTOP-1BQSUB5 with PID 14424 (started by denni in D:\PersonalProjects\MyFirstJavaProject)
2019-11-29 13:13:24.688  INFO 14424 --- [    Test worker] hello.HelloControllerTest                : The following profiles are active: test
2019-11-29 13:13:25.093  INFO 14424 --- [    Test worker] o.s.s.concurrent.ThreadPoolTaskExecutor  : Initializing ExecutorService 'applicationTaskExecutor'
2019-11-29 13:13:25.283  INFO 14424 --- [    Test worker] o.s.b.t.m.w.SpringBootMockServletContext : Initializing Spring TestDispatcherServlet ''
2019-11-29 13:13:25.284  INFO 14424 --- [    Test worker] o.s.t.web.servlet.TestDispatcherServlet  : Initializing Servlet ''
2019-11-29 13:13:25.288  INFO 14424 --- [    Test worker] o.s.b.a.e.web.EndpointLinksResolver      : Exposing 2 endpoint(s) beneath base path '/actuator'
2019-11-29 13:13:25.303  INFO 14424 --- [    Test worker] o.s.t.web.servlet.TestDispatcherServlet  : Completed initialization in 19 ms
2019-11-29 13:13:25.321  INFO 14424 --- [    Test worker] hello.HelloControllerTest                : Started HelloControllerTest in 0.652 seconds (JVM running for 4.394)
This is a test profile
test
]]></system-out>
  <system-err><![CDATA[]]></system-err>
</testsuite>
